<?xml version="1.0" encoding="UTF-8"?>
<testsuite name="com.practise.crud_op.CrudOpApplicationTests" tests="1" skipped="0" failures="0" errors="0" timestamp="2024-02-09T12:50:45" hostname="pop-os" time="0.465">
  <properties/>
  <testcase name="contextLoads()" classname="com.practise.crud_op.CrudOpApplicationTests" time="0.465"/>
  <system-out><![CDATA[18:20:41.401 [Test worker] INFO org.springframework.test.context.support.AnnotationConfigContextLoaderUtils -- Could not detect default configuration classes for test class [com.practise.crud_op.CrudOpApplicationTests]: CrudOpApplicationTests does not declare any static, non-private, non-final, nested classes annotated with @Configuration.
18:20:41.509 [Test worker] INFO org.springframework.boot.test.context.SpringBootTestContextBootstrapper -- Found @SpringBootConfiguration com.practise.crud_op.CrudOpApplication for test class com.practise.crud_op.CrudOpApplicationTests

  .   ____          _            __ _ _
 /\\ / ___'_ __ _ _(_)_ __  __ _ \ \ \ \
( ( )\___ | '_ | '_| | '_ \/ _` | \ \ \ \
 \\/  ___)| |_)| | | | | || (_| |  ) ) ) )
  '  |____| .__|_| |_|_| |_\__, | / / / /
 =========|_|==============|___/=/_/_/_/
 :: Spring Boot ::                (v3.2.2)

2024-02-09T18:20:42.056+05:30  INFO 15584 --- [    Test worker] c.p.crud_op.CrudOpApplicationTests       : Starting CrudOpApplicationTests using Java 17.0.6 with PID 15584 (started by harish in /home/harish/Me/Spring/practise/crud_op)
2024-02-09T18:20:42.058+05:30  INFO 15584 --- [    Test worker] c.p.crud_op.CrudOpApplicationTests       : No active profile set, falling back to 1 default profile: "default"
2024-02-09T18:20:42.794+05:30  INFO 15584 --- [    Test worker] .s.d.r.c.RepositoryConfigurationDelegate : Bootstrapping Spring Data JPA repositories in DEFAULT mode.
2024-02-09T18:20:42.855+05:30  INFO 15584 --- [    Test worker] .s.d.r.c.RepositoryConfigurationDelegate : Finished Spring Data repository scanning in 50 ms. Found 2 JPA repository interfaces.
2024-02-09T18:20:43.357+05:30  INFO 15584 --- [    Test worker] o.hibernate.jpa.internal.util.LogHelper  : HHH000204: Processing PersistenceUnitInfo [name: default]
2024-02-09T18:20:43.417+05:30  INFO 15584 --- [    Test worker] org.hibernate.Version                    : HHH000412: Hibernate ORM core version 6.4.1.Final
2024-02-09T18:20:43.454+05:30  INFO 15584 --- [    Test worker] o.h.c.internal.RegionFactoryInitiator    : HHH000026: Second-level cache disabled
2024-02-09T18:20:43.706+05:30  INFO 15584 --- [    Test worker] o.s.o.j.p.SpringPersistenceUnitInfo      : No LoadTimeWeaver setup: ignoring JPA class transformer
2024-02-09T18:20:43.752+05:30  INFO 15584 --- [    Test worker] com.zaxxer.hikari.HikariDataSource       : HikariPool-1 - Starting...
2024-02-09T18:20:44.150+05:30  INFO 15584 --- [    Test worker] com.zaxxer.hikari.pool.HikariPool        : HikariPool-1 - Added connection com.mysql.cj.jdbc.ConnectionImpl@139089a4
2024-02-09T18:20:44.152+05:30  INFO 15584 --- [    Test worker] com.zaxxer.hikari.HikariDataSource       : HikariPool-1 - Start completed.
2024-02-09T18:20:44.210+05:30  WARN 15584 --- [    Test worker] org.hibernate.orm.deprecation            : HHH90000025: MySQL8Dialect does not need to be specified explicitly using 'hibernate.dialect' (remove the property setting and it will be selected by default)
2024-02-09T18:20:44.211+05:30  WARN 15584 --- [    Test worker] org.hibernate.orm.deprecation            : HHH90000026: MySQL8Dialect has been deprecated; use org.hibernate.dialect.MySQLDialect instead
2024-02-09T18:20:44.976+05:30  INFO 15584 --- [    Test worker] o.h.e.t.j.p.i.JtaPlatformInitiator       : HHH000489: No JTA platform available (set 'hibernate.transaction.jta.platform' to enable JTA platform integration)
2024-02-09T18:20:45.052+05:30  INFO 15584 --- [    Test worker] j.LocalContainerEntityManagerFactoryBean : Initialized JPA EntityManagerFactory for persistence unit 'default'
2024-02-09T18:20:45.465+05:30  WARN 15584 --- [    Test worker] JpaBaseConfiguration$JpaWebConfiguration : spring.jpa.open-in-view is enabled by default. Therefore, database queries may be performed during view rendering. Explicitly configure spring.jpa.open-in-view to disable this warning
2024-02-09T18:20:45.795+05:30  INFO 15584 --- [    Test worker] c.p.crud_op.CrudOpApplicationTests       : Started CrudOpApplicationTests in 4.099 seconds (process running for 5.361)
]]></system-out>
  <system-err><![CDATA[]]></system-err>
</testsuite>
